<?xml version="1.0" encoding="UTF-8"?>
<testng-results skipped="0" failed="0" total="0" passed="0">
  <reporter-output>
  </reporter-output>
  <suite name="PhD.OntologyReuseProject.AppTest" duration-ms="3" started-at="2021-06-20T21:18:27Z" finished-at="2021-06-20T21:18:27Z">
    <groups>
    </groups>
    <test name="Command line test" duration-ms="3" started-at="2021-06-20T21:18:27Z" finished-at="2021-06-20T21:18:27Z">
    </test> <!-- Command line test -->
  </suite> <!-- PhD.OntologyReuseProject.AppTest -->
</testng-results>
